The system is: FreeBSD - 12.2-RELEASE-p4 - amd64
Compiling the C compiler identification source file "CMakeCCompilerId.c" succeeded.
Compiler: /usr/bin/cc 
Build flags: 
Id flags:  

The output was:
0


Compilation of the C compiler identification source "CMakeCCompilerId.c" produced "a.out"

The C compiler identification is Clang, found in "/home/smdukova/sg-lib/build/CMakeFiles/3.18.4/CompilerIdC/a.out"

Compiling the CXX compiler identification source file "CMakeCXXCompilerId.cpp" succeeded.
Compiler: /usr/bin/c++ 
Build flags: 
Id flags:  

The output was:
0


Compilation of the CXX compiler identification source "CMakeCXXCompilerId.cpp" produced "a.out"

The CXX compiler identification is Clang, found in "/home/smdukova/sg-lib/build/CMakeFiles/3.18.4/CompilerIdCXX/a.out"

Detecting C compiler ABI info compiled with the following output:
Change Dir: /home/smdukova/sg-lib/build/CMakeFiles/CMakeTmp

Run Build Command(s):/usr/local/bin/gmake cmTC_2f990/fast && gmake: Warning: File 'Makefile' has modification time 11 s in the future
/usr/local/bin/gmake  -f CMakeFiles/cmTC_2f990.dir/build.make CMakeFiles/cmTC_2f990.dir/build
gmake[1]: Entering directory '/net/charm/usr/home/smdukova/sg-lib/build/CMakeFiles/CMakeTmp'
gmake[1]: Warning: File 'CMakeFiles/cmTC_2f990.dir/flags.make' has modification time 11 s in the future
Building C object CMakeFiles/cmTC_2f990.dir/CMakeCCompilerABI.c.o
/usr/bin/cc   -v -o CMakeFiles/cmTC_2f990.dir/CMakeCCompilerABI.c.o -c /usr/local/share/cmake/Modules/CMakeCCompilerABI.c
FreeBSD clang version 10.0.1 (git@github.com:llvm/llvm-project.git llvmorg-10.0.1-0-gef32c611aa2)
Target: x86_64-unknown-freebsd12.2
Thread model: posix
InstalledDir: /usr/bin
 (in-process)
 "/usr/bin/cc" -cc1 -triple x86_64-unknown-freebsd12.2 -emit-obj -mrelax-all -disable-free -disable-llvm-verifier -discard-value-names -main-file-name CMakeCCompilerABI.c -mrelocation-model static -mthread-model posix -mframe-pointer=all -fno-rounding-math -masm-verbose -mconstructor-aliases -munwind-tables -target-cpu x86-64 -dwarf-column-info -fno-split-dwarf-inlining -debugger-tuning=gdb -v -resource-dir /usr/lib/clang/10.0.1 -fdebug-compilation-dir /net/charm/usr/home/smdukova/sg-lib/build/CMakeFiles/CMakeTmp -ferror-limit 19 -fmessage-length 0 -fgnuc-version=4.2.1 -fobjc-runtime=gnustep -fdiagnostics-show-option -faddrsig -o CMakeFiles/cmTC_2f990.dir/CMakeCCompilerABI.c.o -x c /usr/local/share/cmake/Modules/CMakeCCompilerABI.c
clang -cc1 version 10.0.1 based upon LLVM 10.0.1 default target x86_64-unknown-freebsd12.2
#include "..." search starts here:
#include <...> search starts here:
 /usr/lib/clang/10.0.1/include
 /usr/include
End of search list.
Linking C executable cmTC_2f990
/usr/local/bin/cmake -E cmake_link_script CMakeFiles/cmTC_2f990.dir/link.txt --verbose=1
/usr/bin/cc  -v CMakeFiles/cmTC_2f990.dir/CMakeCCompilerABI.c.o -o cmTC_2f990 
FreeBSD clang version 10.0.1 (git@github.com:llvm/llvm-project.git llvmorg-10.0.1-0-gef32c611aa2)
Target: x86_64-unknown-freebsd12.2
Thread model: posix
InstalledDir: /usr/bin
 "/usr/bin/ld" --eh-frame-hdr -dynamic-linker /libexec/ld-elf.so.1 --hash-style=both --enable-new-dtags -o cmTC_2f990 /usr/lib/crt1.o /usr/lib/crti.o /usr/lib/crtbegin.o -L/usr/lib CMakeFiles/cmTC_2f990.dir/CMakeCCompilerABI.c.o -lgcc --as-needed -lgcc_s --no-as-needed -lc -lgcc --as-needed -lgcc_s --no-as-needed /usr/lib/crtend.o /usr/lib/crtn.o
gmake[1]: warning:  Clock skew detected.  Your build may be incomplete.
gmake[1]: Leaving directory '/net/charm/usr/home/smdukova/sg-lib/build/CMakeFiles/CMakeTmp'
gmake: warning:  Clock skew detected.  Your build may be incomplete.



Parsed C implicit include dir info from above output: rv=done
  found start of include info
  found start of implicit include info
    add: [/usr/lib/clang/10.0.1/include]
    add: [/usr/include]
  end of search list found
  collapse include dir [/usr/lib/clang/10.0.1/include] ==> [/usr/lib/clang/10.0.1/include]
  collapse include dir [/usr/include] ==> [/usr/include]
  implicit include dirs: [/usr/lib/clang/10.0.1/include;/usr/include]


Parsed C implicit link information from above output:
  link line regex: [^( *|.*[/\])(ld|CMAKE_LINK_STARTFILE-NOTFOUND|([^/\]+-)?ld|collect2)[^/\]*( |$)]
  ignore line: [Change Dir: /home/smdukova/sg-lib/build/CMakeFiles/CMakeTmp]
  ignore line: []
  ignore line: [Run Build Command(s):/usr/local/bin/gmake cmTC_2f990/fast && gmake: Warning: File 'Makefile' has modification time 11 s in the future]
  ignore line: [/usr/local/bin/gmake  -f CMakeFiles/cmTC_2f990.dir/build.make CMakeFiles/cmTC_2f990.dir/build]
  ignore line: [gmake[1]: Entering directory '/net/charm/usr/home/smdukova/sg-lib/build/CMakeFiles/CMakeTmp']
  ignore line: [gmake[1]: Warning: File 'CMakeFiles/cmTC_2f990.dir/flags.make' has modification time 11 s in the future]
  ignore line: [Building C object CMakeFiles/cmTC_2f990.dir/CMakeCCompilerABI.c.o]
  ignore line: [/usr/bin/cc   -v -o CMakeFiles/cmTC_2f990.dir/CMakeCCompilerABI.c.o -c /usr/local/share/cmake/Modules/CMakeCCompilerABI.c]
  ignore line: [FreeBSD clang version 10.0.1 (git@github.com:llvm/llvm-project.git llvmorg-10.0.1-0-gef32c611aa2)]
  ignore line: [Target: x86_64-unknown-freebsd12.2]
  ignore line: [Thread model: posix]
  ignore line: [InstalledDir: /usr/bin]
  ignore line: [ (in-process)]
  ignore line: [ "/usr/bin/cc" -cc1 -triple x86_64-unknown-freebsd12.2 -emit-obj -mrelax-all -disable-free -disable-llvm-verifier -discard-value-names -main-file-name CMakeCCompilerABI.c -mrelocation-model static -mthread-model posix -mframe-pointer=all -fno-rounding-math -masm-verbose -mconstructor-aliases -munwind-tables -target-cpu x86-64 -dwarf-column-info -fno-split-dwarf-inlining -debugger-tuning=gdb -v -resource-dir /usr/lib/clang/10.0.1 -fdebug-compilation-dir /net/charm/usr/home/smdukova/sg-lib/build/CMakeFiles/CMakeTmp -ferror-limit 19 -fmessage-length 0 -fgnuc-version=4.2.1 -fobjc-runtime=gnustep -fdiagnostics-show-option -faddrsig -o CMakeFiles/cmTC_2f990.dir/CMakeCCompilerABI.c.o -x c /usr/local/share/cmake/Modules/CMakeCCompilerABI.c]
  ignore line: [clang -cc1 version 10.0.1 based upon LLVM 10.0.1 default target x86_64-unknown-freebsd12.2]
  ignore line: [#include "..." search starts here:]
  ignore line: [#include <...> search starts here:]
  ignore line: [ /usr/lib/clang/10.0.1/include]
  ignore line: [ /usr/include]
  ignore line: [End of search list.]
  ignore line: [Linking C executable cmTC_2f990]
  ignore line: [/usr/local/bin/cmake -E cmake_link_script CMakeFiles/cmTC_2f990.dir/link.txt --verbose=1]
  ignore line: [/usr/bin/cc  -v CMakeFiles/cmTC_2f990.dir/CMakeCCompilerABI.c.o -o cmTC_2f990 ]
  ignore line: [FreeBSD clang version 10.0.1 (git@github.com:llvm/llvm-project.git llvmorg-10.0.1-0-gef32c611aa2)]
  ignore line: [Target: x86_64-unknown-freebsd12.2]
  ignore line: [Thread model: posix]
  ignore line: [InstalledDir: /usr/bin]
  link line: [ "/usr/bin/ld" --eh-frame-hdr -dynamic-linker /libexec/ld-elf.so.1 --hash-style=both --enable-new-dtags -o cmTC_2f990 /usr/lib/crt1.o /usr/lib/crti.o /usr/lib/crtbegin.o -L/usr/lib CMakeFiles/cmTC_2f990.dir/CMakeCCompilerABI.c.o -lgcc --as-needed -lgcc_s --no-as-needed -lc -lgcc --as-needed -lgcc_s --no-as-needed /usr/lib/crtend.o /usr/lib/crtn.o]
    arg [/usr/bin/ld] ==> ignore
    arg [--eh-frame-hdr] ==> ignore
    arg [-dynamic-linker] ==> ignore
    arg [/libexec/ld-elf.so.1] ==> ignore
    arg [--hash-style=both] ==> ignore
    arg [--enable-new-dtags] ==> ignore
    arg [-o] ==> ignore
    arg [cmTC_2f990] ==> ignore
    arg [/usr/lib/crt1.o] ==> ignore
    arg [/usr/lib/crti.o] ==> ignore
    arg [/usr/lib/crtbegin.o] ==> ignore
    arg [-L/usr/lib] ==> dir [/usr/lib]
    arg [CMakeFiles/cmTC_2f990.dir/CMakeCCompilerABI.c.o] ==> ignore
    arg [-lgcc] ==> lib [gcc]
    arg [--as-needed] ==> ignore
    arg [-lgcc_s] ==> lib [gcc_s]
    arg [--no-as-needed] ==> ignore
    arg [-lc] ==> lib [c]
    arg [-lgcc] ==> lib [gcc]
    arg [--as-needed] ==> ignore
    arg [-lgcc_s] ==> lib [gcc_s]
    arg [--no-as-needed] ==> ignore
    arg [/usr/lib/crtend.o] ==> ignore
    arg [/usr/lib/crtn.o] ==> ignore
  collapse library dir [/usr/lib] ==> [/usr/lib]
  implicit libs: [gcc;gcc_s;c;gcc;gcc_s]
  implicit dirs: [/usr/lib]
  implicit fwks: []


Detecting CXX compiler ABI info compiled with the following output:
Change Dir: /home/smdukova/sg-lib/build/CMakeFiles/CMakeTmp

Run Build Command(s):/usr/local/bin/gmake cmTC_97ac0/fast && gmake: Warning: File 'Makefile' has modification time 11 s in the future
/usr/local/bin/gmake  -f CMakeFiles/cmTC_97ac0.dir/build.make CMakeFiles/cmTC_97ac0.dir/build
gmake[1]: Entering directory '/net/charm/usr/home/smdukova/sg-lib/build/CMakeFiles/CMakeTmp'
gmake[1]: Warning: File 'CMakeFiles/cmTC_97ac0.dir/flags.make' has modification time 11 s in the future
Building CXX object CMakeFiles/cmTC_97ac0.dir/CMakeCXXCompilerABI.cpp.o
/usr/bin/c++   -v -o CMakeFiles/cmTC_97ac0.dir/CMakeCXXCompilerABI.cpp.o -c /usr/local/share/cmake/Modules/CMakeCXXCompilerABI.cpp
FreeBSD clang version 10.0.1 (git@github.com:llvm/llvm-project.git llvmorg-10.0.1-0-gef32c611aa2)
Target: x86_64-unknown-freebsd12.2
Thread model: posix
InstalledDir: /usr/bin
 (in-process)
 "/usr/bin/c++" -cc1 -triple x86_64-unknown-freebsd12.2 -emit-obj -mrelax-all -disable-free -disable-llvm-verifier -discard-value-names -main-file-name CMakeCXXCompilerABI.cpp -mrelocation-model static -mthread-model posix -mframe-pointer=all -fno-rounding-math -masm-verbose -mconstructor-aliases -munwind-tables -target-cpu x86-64 -dwarf-column-info -fno-split-dwarf-inlining -debugger-tuning=gdb -v -resource-dir /usr/lib/clang/10.0.1 -internal-isystem /usr/include/c++/v1 -fdeprecated-macro -fdebug-compilation-dir /net/charm/usr/home/smdukova/sg-lib/build/CMakeFiles/CMakeTmp -ferror-limit 19 -fmessage-length 0 -fgnuc-version=4.2.1 -fobjc-runtime=gnustep -fcxx-exceptions -fexceptions -fdiagnostics-show-option -faddrsig -o CMakeFiles/cmTC_97ac0.dir/CMakeCXXCompilerABI.cpp.o -x c++ /usr/local/share/cmake/Modules/CMakeCXXCompilerABI.cpp
clang -cc1 version 10.0.1 based upon LLVM 10.0.1 default target x86_64-unknown-freebsd12.2
#include "..." search starts here:
#include <...> search starts here:
 /usr/include/c++/v1
 /usr/lib/clang/10.0.1/include
 /usr/include
End of search list.
Linking CXX executable cmTC_97ac0
/usr/local/bin/cmake -E cmake_link_script CMakeFiles/cmTC_97ac0.dir/link.txt --verbose=1
/usr/bin/c++  -v CMakeFiles/cmTC_97ac0.dir/CMakeCXXCompilerABI.cpp.o -o cmTC_97ac0 
FreeBSD clang version 10.0.1 (git@github.com:llvm/llvm-project.git llvmorg-10.0.1-0-gef32c611aa2)
Target: x86_64-unknown-freebsd12.2
Thread model: posix
InstalledDir: /usr/bin
 "/usr/bin/ld" --eh-frame-hdr -dynamic-linker /libexec/ld-elf.so.1 --hash-style=both --enable-new-dtags -o cmTC_97ac0 /usr/lib/crt1.o /usr/lib/crti.o /usr/lib/crtbegin.o -L/usr/lib CMakeFiles/cmTC_97ac0.dir/CMakeCXXCompilerABI.cpp.o -lc++ -lm -lgcc --as-needed -lgcc_s --no-as-needed -lc -lgcc --as-needed -lgcc_s --no-as-needed /usr/lib/crtend.o /usr/lib/crtn.o
gmake[1]: warning:  Clock skew detected.  Your build may be incomplete.
gmake[1]: Leaving directory '/net/charm/usr/home/smdukova/sg-lib/build/CMakeFiles/CMakeTmp'
gmake: warning:  Clock skew detected.  Your build may be incomplete.



Parsed CXX implicit include dir info from above output: rv=done
  found start of include info
  found start of implicit include info
    add: [/usr/include/c++/v1]
    add: [/usr/lib/clang/10.0.1/include]
    add: [/usr/include]
  end of search list found
  collapse include dir [/usr/include/c++/v1] ==> [/usr/include/c++/v1]
  collapse include dir [/usr/lib/clang/10.0.1/include] ==> [/usr/lib/clang/10.0.1/include]
  collapse include dir [/usr/include] ==> [/usr/include]
  implicit include dirs: [/usr/include/c++/v1;/usr/lib/clang/10.0.1/include;/usr/include]


Parsed CXX implicit link information from above output:
  link line regex: [^( *|.*[/\])(ld|CMAKE_LINK_STARTFILE-NOTFOUND|([^/\]+-)?ld|collect2)[^/\]*( |$)]
  ignore line: [Change Dir: /home/smdukova/sg-lib/build/CMakeFiles/CMakeTmp]
  ignore line: []
  ignore line: [Run Build Command(s):/usr/local/bin/gmake cmTC_97ac0/fast && gmake: Warning: File 'Makefile' has modification time 11 s in the future]
  ignore line: [/usr/local/bin/gmake  -f CMakeFiles/cmTC_97ac0.dir/build.make CMakeFiles/cmTC_97ac0.dir/build]
  ignore line: [gmake[1]: Entering directory '/net/charm/usr/home/smdukova/sg-lib/build/CMakeFiles/CMakeTmp']
  ignore line: [gmake[1]: Warning: File 'CMakeFiles/cmTC_97ac0.dir/flags.make' has modification time 11 s in the future]
  ignore line: [Building CXX object CMakeFiles/cmTC_97ac0.dir/CMakeCXXCompilerABI.cpp.o]
  ignore line: [/usr/bin/c++   -v -o CMakeFiles/cmTC_97ac0.dir/CMakeCXXCompilerABI.cpp.o -c /usr/local/share/cmake/Modules/CMakeCXXCompilerABI.cpp]
  ignore line: [FreeBSD clang version 10.0.1 (git@github.com:llvm/llvm-project.git llvmorg-10.0.1-0-gef32c611aa2)]
  ignore line: [Target: x86_64-unknown-freebsd12.2]
  ignore line: [Thread model: posix]
  ignore line: [InstalledDir: /usr/bin]
  ignore line: [ (in-process)]
  ignore line: [ "/usr/bin/c++" -cc1 -triple x86_64-unknown-freebsd12.2 -emit-obj -mrelax-all -disable-free -disable-llvm-verifier -discard-value-names -main-file-name CMakeCXXCompilerABI.cpp -mrelocation-model static -mthread-model posix -mframe-pointer=all -fno-rounding-math -masm-verbose -mconstructor-aliases -munwind-tables -target-cpu x86-64 -dwarf-column-info -fno-split-dwarf-inlining -debugger-tuning=gdb -v -resource-dir /usr/lib/clang/10.0.1 -internal-isystem /usr/include/c++/v1 -fdeprecated-macro -fdebug-compilation-dir /net/charm/usr/home/smdukova/sg-lib/build/CMakeFiles/CMakeTmp -ferror-limit 19 -fmessage-length 0 -fgnuc-version=4.2.1 -fobjc-runtime=gnustep -fcxx-exceptions -fexceptions -fdiagnostics-show-option -faddrsig -o CMakeFiles/cmTC_97ac0.dir/CMakeCXXCompilerABI.cpp.o -x c++ /usr/local/share/cmake/Modules/CMakeCXXCompilerABI.cpp]
  ignore line: [clang -cc1 version 10.0.1 based upon LLVM 10.0.1 default target x86_64-unknown-freebsd12.2]
  ignore line: [#include "..." search starts here:]
  ignore line: [#include <...> search starts here:]
  ignore line: [ /usr/include/c++/v1]
  ignore line: [ /usr/lib/clang/10.0.1/include]
  ignore line: [ /usr/include]
  ignore line: [End of search list.]
  ignore line: [Linking CXX executable cmTC_97ac0]
  ignore line: [/usr/local/bin/cmake -E cmake_link_script CMakeFiles/cmTC_97ac0.dir/link.txt --verbose=1]
  ignore line: [/usr/bin/c++  -v CMakeFiles/cmTC_97ac0.dir/CMakeCXXCompilerABI.cpp.o -o cmTC_97ac0 ]
  ignore line: [FreeBSD clang version 10.0.1 (git@github.com:llvm/llvm-project.git llvmorg-10.0.1-0-gef32c611aa2)]
  ignore line: [Target: x86_64-unknown-freebsd12.2]
  ignore line: [Thread model: posix]
  ignore line: [InstalledDir: /usr/bin]
  link line: [ "/usr/bin/ld" --eh-frame-hdr -dynamic-linker /libexec/ld-elf.so.1 --hash-style=both --enable-new-dtags -o cmTC_97ac0 /usr/lib/crt1.o /usr/lib/crti.o /usr/lib/crtbegin.o -L/usr/lib CMakeFiles/cmTC_97ac0.dir/CMakeCXXCompilerABI.cpp.o -lc++ -lm -lgcc --as-needed -lgcc_s --no-as-needed -lc -lgcc --as-needed -lgcc_s --no-as-needed /usr/lib/crtend.o /usr/lib/crtn.o]
    arg [/usr/bin/ld] ==> ignore
    arg [--eh-frame-hdr] ==> ignore
    arg [-dynamic-linker] ==> ignore
    arg [/libexec/ld-elf.so.1] ==> ignore
    arg [--hash-style=both] ==> ignore
    arg [--enable-new-dtags] ==> ignore
    arg [-o] ==> ignore
    arg [cmTC_97ac0] ==> ignore
    arg [/usr/lib/crt1.o] ==> ignore
    arg [/usr/lib/crti.o] ==> ignore
    arg [/usr/lib/crtbegin.o] ==> ignore
    arg [-L/usr/lib] ==> dir [/usr/lib]
    arg [CMakeFiles/cmTC_97ac0.dir/CMakeCXXCompilerABI.cpp.o] ==> ignore
    arg [-lc++] ==> lib [c++]
    arg [-lm] ==> lib [m]
    arg [-lgcc] ==> lib [gcc]
    arg [--as-needed] ==> ignore
    arg [-lgcc_s] ==> lib [gcc_s]
    arg [--no-as-needed] ==> ignore
    arg [-lc] ==> lib [c]
    arg [-lgcc] ==> lib [gcc]
    arg [--as-needed] ==> ignore
    arg [-lgcc_s] ==> lib [gcc_s]
    arg [--no-as-needed] ==> ignore
    arg [/usr/lib/crtend.o] ==> ignore
    arg [/usr/lib/crtn.o] ==> ignore
  collapse library dir [/usr/lib] ==> [/usr/lib]
  implicit libs: [c++;m;gcc;gcc_s;c;gcc;gcc_s]
  implicit dirs: [/usr/lib]
  implicit fwks: []


